0 info it worked if it ends with ok
1 verbose cli [ 'node', '/usr/local/bin/npm', 'run', 'build' ]
2 info using npm@3.9.3
3 info using node@v0.10.45
4 verbose node symlink /usr/bin/node
5 verbose run-script [ 'prebuild', 'build', 'postbuild' ]
6 info lifecycle Electron_and_Angular2_example@1.0.0~prebuild: Electron_and_Angular2_example@1.0.0
7 silly lifecycle Electron_and_Angular2_example@1.0.0~prebuild: no script for prebuild, continuing
8 info lifecycle Electron_and_Angular2_example@1.0.0~build: Electron_and_Angular2_example@1.0.0
9 verbose lifecycle Electron_and_Angular2_example@1.0.0~build: unsafe-perm in lifecycle true
10 verbose lifecycle Electron_and_Angular2_example@1.0.0~build: PATH: /usr/local/lib/node_modules/npm/bin/node-gyp-bin:/home/julian/Documents/projects/arroyolabs/blog/electron/post_electron_2nd_part/blog_electron/node_modules/.bin:/usr/bin:/usr/local/sbin:/usr/local/bin:/usr/sbin:/usr/bin:/sbin:/bin
11 verbose lifecycle Electron_and_Angular2_example@1.0.0~build: CWD: /home/julian/Documents/projects/arroyolabs/blog/electron/post_electron_2nd_part/blog_electron
12 silly lifecycle Electron_and_Angular2_example@1.0.0~build: Args: [ '-c', 'npm run frontend && tsc && gulp electron' ]
13 silly lifecycle Electron_and_Angular2_example@1.0.0~build: Returned: code: 1  signal: null
14 info lifecycle Electron_and_Angular2_example@1.0.0~build: Failed to exec build script
15 verbose stack Error: Electron_and_Angular2_example@1.0.0 build: `npm run frontend && tsc && gulp electron`
15 verbose stack Exit status 1
15 verbose stack     at EventEmitter.<anonymous> (/usr/local/lib/node_modules/npm/lib/utils/lifecycle.js:245:16)
15 verbose stack     at EventEmitter.emit (events.js:98:17)
15 verbose stack     at ChildProcess.<anonymous> (/usr/local/lib/node_modules/npm/lib/utils/spawn.js:24:14)
15 verbose stack     at ChildProcess.emit (events.js:98:17)
15 verbose stack     at maybeClose (child_process.js:766:16)
15 verbose stack     at Process.ChildProcess._handle.onexit (child_process.js:833:5)
16 verbose pkgid Electron_and_Angular2_example@1.0.0
17 verbose cwd /home/julian/Documents/projects/arroyolabs/blog/electron/post_electron_2nd_part/blog_electron/src
18 error Linux 3.19.0-39-generic
19 error argv "node" "/usr/local/bin/npm" "run" "build"
20 error node v0.10.45
21 error npm  v3.9.3
22 error code ELIFECYCLE
23 error Electron_and_Angular2_example@1.0.0 build: `npm run frontend && tsc && gulp electron`
23 error Exit status 1
24 error Failed at the Electron_and_Angular2_example@1.0.0 build script 'npm run frontend && tsc && gulp electron'.
24 error Make sure you have the latest version of node.js and npm installed.
24 error If you do, this is most likely a problem with the Electron_and_Angular2_example package,
24 error not with npm itself.
24 error Tell the author that this fails on your system:
24 error     npm run frontend && tsc && gulp electron
24 error You can get information on how to open an issue for this project with:
24 error     npm bugs Electron_and_Angular2_example
24 error Or if that isn't available, you can get their info via:
24 error     npm owner ls Electron_and_Angular2_example
24 error There is likely additional logging output above.
25 verbose exit [ 1, true ]
